===== 2026-07-12 06:11:09 daily-courses run =====
Only 0 queued idea(s); inventing 4 more…
No ideas available (and idea generation failed) — nothing to do.
===== 2026-07-13 06:18:15 daily-one run =====
# 今日の1ステージ (clear it → publish → post on X)

Stage: 刹那渡り
Source: existing draft (queue)

PLAY & CLEAR: https://promptworldgame.org/?stage=awr9swoy

Then: confirm the (English) name → I publish it → post the play URL + a clip on X.
X caption: I built "刹那渡り" in Prompt World — can you clear it? https://promptworldgame.org/?stage=awr9swoy #PromptWorld
===== 2026-07-14 06:16:47 daily-one run =====
# 今日の1ステージ (clear it → publish → post on X)

Stage: Shifting Pit
Source: existing draft (queue)

PLAY & CLEAR: https://promptworldgame.org/?stage=fgnzlj0q

Then: confirm the (English) name → I publish it → post the play URL + a clip on X.
X caption: I built "Shifting Pit" in Prompt World — can you clear it? https://promptworldgame.org/?stage=fgnzlj0q #PromptWorld
===== 2026-07-15 06:15:40 daily-one run =====
# 今日の1ステージ (clear it → publish → post on X)

Stage: Cannon Bridge
Source: existing draft (queue)

PLAY & CLEAR: https://promptworldgame.org/?stage=79i2glyr

Then: confirm the (English) name → I publish it → post the play URL + a clip on X.
X caption: I built "Cannon Bridge" in Prompt World — can you clear it? https://promptworldgame.org/?stage=79i2glyr #PromptWorld
===== 2026-07-16 06:06:59 daily-one run =====
# 今日の1ステージ (clear it → publish → post on X)

Stage: Crusher Alley
Source: existing draft (queue)

PLAY & CLEAR: https://promptworldgame.org/?stage=rzcqlgyk

Then: confirm the (English) name → I publish it → post the play URL + a clip on X.
X caption: I built "Crusher Alley" in Prompt World — can you clear it? https://promptworldgame.org/?stage=rzcqlgyk #PromptWorld
===== 2026-07-17 06:03:05 daily-one run =====
# 今日の1ステージ (clear it → publish → post on X)

Stage: Key Round Trip
Source: existing draft (queue)

PLAY & CLEAR: https://promptworldgame.org/?stage=zkjc1hlv

Then: confirm the (English) name → I publish it → post the play URL + a clip on X.
X caption: I built "Key Round Trip" in Prompt World — can you clear it? https://promptworldgame.org/?stage=zkjc1hlv #PromptWorld
===== 2026-07-18 06:12:12 daily-one run =====
# 今日の1ステージ (clear it → publish → post on X)

Stage: 打ち上げ厳禁
Source: existing draft (queue)

PLAY & CLEAR: https://promptworldgame.org/?stage=1jhugdtp

Then: confirm the (English) name → I publish it → post the play URL + a clip on X.
X caption: I built "打ち上げ厳禁" in Prompt World — can you clear it? https://promptworldgame.org/?stage=1jhugdtp #PromptWorld
===== 2026-07-19 06:07:58 daily-one run =====
# 今日の1ステージ (clear it → publish → post on X)

Stage: Long Way Home
Source: existing draft (queue)

PLAY & CLEAR: https://promptworldgame.org/?stage=j3r3i10r

Then: confirm the (English) name → I publish it → post the play URL + a clip on X.
X caption: I built "Long Way Home" in Prompt World — can you clear it? https://promptworldgame.org/?stage=j3r3i10r #PromptWorld
===== 2026-07-20 06:03:05 daily-one run =====
# 今日の1ステージ (clear it → publish → post on X)

Stage: Locked Descent
Source: newly generated
Size: 47 parts, spanX 150, spanY 13
Solver: ✅ cleared

PLAY & CLEAR: https://promptworldgame.org/?stage=rx2qaelu&key=4e0c045a-2c6b-4011-b501-7b503ada4409

Then: confirm the (English) name → I publish it → post the play URL + a clip on X.
X caption: I built "Locked Descent" in Prompt World — can you clear it? https://promptworldgame.org/?stage=rx2qaelu #PromptWorld
