Unity Editor version:    6000.5.3f1 (c2eb47b3a2a9)
Branch:                  6000.5/staging
Build type:              Release
Batch mode:              YES
macOS version:           Version 26.3.1 (a) (Build 25D771280a)
Darwin version:          25.3.0
Architecture:            arm64
Running under Rosetta:   NO
Available memory:        16384 MB
Date:                    2026-07-15T10:10:23Z
[Licensing::Module] Trying to connect to existing licensing client channel...
[Licensing::IpcConnector] Successfully connected to: "LicenseClient-fukushimatakumi" at "2026-07-15T10:10:23.918627Z"
Launching external process: /Applications/Unity/Hub/Editor/6000.5.3f1/Unity.app/Contents/Helpers/PackageManager/Server/UnityPackageManager

COMMAND LINE ARGUMENTS:
/Applications/Unity/Hub/Editor/6000.5.3f1/Unity.app/Contents/MacOS/Unity
-quit
-batchmode
-nographics
-projectPath
/Users/fukushimatakumi/develop/promptworld/PromptWorld
-executeMethod
SimCrossCheck.Run
-logFile
/Users/fukushimatakumi/develop/promptworld/crosscheck_enemy.log
Successfully changed project path to: /Users/fukushimatakumi/develop/promptworld/PromptWorld
/Users/fukushimatakumi/develop/promptworld/PromptWorld
[UnityMemory] Configuration Parameters - Can be set up in boot.config
    "memorysetup-temp-allocator-size-gi-baking-worker=262144"
    "memorysetup-temp-allocator-size-gi-baking-worker=262144"
    "memorysetup-temp-allocator-size-gi-baking-worker=262144"
    "memorysetup-temp-allocator-size-gi-baking-worker=262144"
    "memorysetup-temp-allocator-size-gi-baking-worker=262144"
    "memorysetup-temp-allocator-size-nav-mesh-worker=65536"
    "memorysetup-temp-allocator-size-audio-worker=65536"
    "memorysetup-temp-allocator-size-cloud-worker=32768"
    "memorysetup-allocator-temp-initial-block-size-main=262144"
    "memorysetup-allocator-temp-initial-block-size-worker=262144"
    "memorysetup-temp-allocator-size-preload-manager=33554432"
    "memorysetup-temp-allocator-size-gfx=262144"
    "memorysetup-temp-allocator-size-background-worker=32768"
    "memorysetup-temp-allocator-size-job-worker=262144"
    "memorysetup-bucket-allocator-granularity=16"
    "memorysetup-bucket-allocator-bucket-count=8"
    "memorysetup-bucket-allocator-block-size=33554432"
    "memorysetup-bucket-allocator-block-count=8"
    "memorysetup-main-allocator-block-size=16777216"
    "memorysetup-thread-allocator-block-size=16777216"
    "memorysetup-main-allocator-mimalloc-enabled=0"
    "memorysetup-gfx-main-allocator-block-size=16777216"
    "memorysetup-gfx-thread-allocator-block-size=16777216"
    "memorysetup-cache-allocator-block-size=4194304"
    "memorysetup-typetree-allocator-block-size=2097152"
    "memorysetup-profiler-bucket-allocator-granularity=16"
    "memorysetup-profiler-bucket-allocator-bucket-count=8"
    "memorysetup-profiler-bucket-allocator-block-size=33554432"
    "memorysetup-profiler-bucket-allocator-block-count=8"
    "memorysetup-profiler-allocator-block-size=16777216"
    "memorysetup-profiler-editor-allocator-block-size=1048576"
    "memorysetup-temp-allocator-size-main=16777216"
    "memorysetup-job-temp-allocator-block-size=2097152"
    "memorysetup-job-temp-allocator-block-size-background=1048576"
    "memorysetup-job-temp-allocator-reduction-small-platforms=262144"
Logging is directed to a specific file, skipping project log.Player connection [8500310272]  Target information:

Player connection [8500310272]  * "[IP] 192.168.0.4 [Port] 55504 [Flags] 2 [Guid] 741914728 [EditorId] 741914728 [Version] 1048832 [Id] OSXEditor(0,fukushimatakuminoMacBook-Pro-2.local) [Debug] 1 [PackageName] OSXEditor [ProjectName] Editor" 

Player connection [8500310272] Host joined multi-casting on [225.0.0.222:54997]...
Player connection [8500310272] Host joined alternative multi-casting on [225.0.0.222:34997]...
Input System module state changed to: Initialized.
[Physics::Module] Initialized fallback backend.
[Physics::Module] Id: 0xdecafbad
[Package Manager] Connected to IPC stream "Upm-67221" after 0.1 seconds.
[Licensing::Module] Licensing is not yet initialized.
[Licensing::Client] Error: HandshakeResponse reported an error:
	ResponseCode: 505
	ResponseStatus: Unsupported protocol version '1.18.1'.
[Licensing::Module] Error: Failed to handshake to channel: "LicenseClient-fukushimatakumi"
[Licensing::IpcConnector] LicenseClient-fukushimatakumi channel disconnected successfully.
[Licensing::IpcConnector] Channel LicenseClient-fukushimatakumi-6000.5.3 doesn't exist
Launching external process: /Applications/Unity/Hub/Editor/6000.5.3f1/Unity.app/Contents/Helpers/UnityLicensingClient.app/Contents/MacOS/Unity.Licensing.Client
[Licensing::Module] Successfully launched the LicensingClient (PId: 67223)
[Licensing::IpcConnector] Successfully connected to: "LicenseClient-fukushimatakumi-6000.5.3" at "2026-07-15T10:10:24.400395Z"
[Licensing::Client] Handshaking with LicensingClient:
  Version:                 1.18.1+9fbee8e
  Session Id:              163a4d6a811146b08e0231e0a2431d45
  Correlation Id:          1a50fbecb954c68be9d69a7b8bb2172b
  External correlation Id: 2830250015945845922
  Machine Id:              UV97YfN2KGsu0vo6WSZ53rAGgog=
[Licensing::Module] Successfully connected to LicensingClient on channel: "LicenseClient-fukushimatakumi-6000.5.3" (connect: 0.25s, validation: 0.01s, handshake: 0.21s)
[Licensing::IpcConnector] Successfully connected to: "LicenseClient-fukushimatakumi-6000.5.3-notifications" at "2026-07-15T10:10:24.620691Z"
[Licensing::Module] Connected to LicensingClient (PId: 67223, launch time: 0.00, total connection time: 0.47s)
[Licensing::Module] Error: Access token is unavailable; failed to update
[Licensing::Client] Successfully resolved entitlement details
[Licensing::Module] License group:
  Id: 15669729866047-UnityPersXXXX
  Product: Unity Personal
  Type: Assigned
  Expiration: Unlimited
[Licensing::Client] Successfully updated license, isAsync: True, time: 0.00
[Licensing::Client] Successfully resolved entitlement details
[Licensing::Module] Licensing Background thread has ended after 0.71s
[Licensing::Module] Licensing is initialized (took 0.51s).
[Licensing::Client] Successfully resolved entitlement details
Library Redirect Path: Library/
[Physics::Module] Selected backend.
[Physics::Module] Name: PhysX
[Physics::Module] Id: 0xf2b8ea05
[Physics::Module] SDK Version: 4.1.2
[Physics::Module] Integration Version: 1.0.0
[Physics::Module] Threading Mode: Multi-Threaded
Initialize engine version: 6000.5.3f1 (c2eb47b3a2a9)
[Subsystems] Discovering subsystems at path /Applications/Unity/Hub/Editor/6000.5.3f1/Unity.app/Contents/Resources/UnitySubsystems
[Subsystems] Discovering subsystems at path /Users/fukushimatakumi/develop/promptworld/PromptWorld/Assets
Forcing GfxDevice: Null
GfxDevice: creating device client; kGfxThreadingModeNonThreaded
NullGfxDevice:
    Version:  NULL 1.0 [1.0]
    Renderer: Null Device
    Vendor:   Unity Technologies
Initialize mono
Mono path[0] = '/Applications/Unity/Hub/Editor/6000.5.3f1/Unity.app/Contents/Resources/Scripting/Managed'
Mono path[1] = '/Applications/Unity/Hub/Editor/6000.5.3f1/Unity.app/Contents/Resources/Scripting/BCLExtensions/runtime/netstandard2.1'
Mono path[2] = '/Applications/Unity/Hub/Editor/6000.5.3f1/Unity.app/Contents/Resources/Scripting/MonoBleedingEdge/lib/mono/unityjit-macos'
Mono config path = '/Applications/Unity/Hub/Editor/6000.5.3f1/Unity.app/Contents/Resources/Scripting/MonoBleedingEdge/etc'
Using monoOptions --debugger-agent=transport=dt_socket,embedding=1,server=y,suspend=n,address=127.0.0.1:56221
CodeReloadManager initialized
ImportWorker Server TCP listen port: 0
AcceleratorClientConnectionCallback - disconnected - :0
Begin MonoManager ReloadAssembly
Registering precompiled unity dll's ...
Register platform support module: /Applications/Unity/Hub/Editor/6000.5.3f1/PlaybackEngines/WebGLSupport/UnityEditor.WebGL.Extensions.dll
Register platform support module: /Applications/Unity/Hub/Editor/6000.5.3f1/PlaybackEngines/MacStandaloneSupport/UnityEditor.OSXStandalone.Extensions.dll
[Licensing::Client] Successfully resolved entitlement details
Register platform support module: /Applications/Unity/Hub/Editor/6000.5.3f1/PlaybackEngines/AndroidPlayer/UnityEditor.Android.Extensions.dll
[Licensing::Client] Successfully resolved entitlement details
Register platform support module: /Applications/Unity/Hub/Editor/6000.5.3f1/PlaybackEngines/iOSSupport/UnityEditor.iOS.Extensions.dll
Registered in 0.003792 seconds.
[usbmuxd] Start listen thread
[usbmuxd] Listen thread started
[usbmuxd] Send listen message
Native extension for iOS target not found
Native extension for Android target not found
Native extension for OSXStandalone target not found
Native extension for WebGL target not found
Package Manager log level set to [2]
ScheduleIndexationOnStartup MainProcess:False IndexOnStartup:True
Mono: successfully reloaded assembly
- Finished resetting the current domain, in  0.210 seconds
Domain Reload Profiling: 477ms
	BeginReloadAssembly (85ms)
		CreateAndSetChildDomain (23ms)
	RebuildNativeTypeToScriptingClass (8ms)
	initialDomainReloadingComplete (26ms)
	LoadAllAssembliesAndSetupDomain (145ms)
		LoadAssemblies (62ms)
		AnalyzeDomain (110ms)
			TypeCache.Refresh (110ms)
				TypeCache.ScanAssembly (102ms)
	FinalizeReload (211ms)
		SetupLoadedEditorAssemblies (0ms)
			InitializePlatformSupportModulesInManaged (35ms)
			BeforeProcessingInitializeOnLoad (37ms)
			ProcessInitializeOnLoadAttributes (40ms)
			ProcessInitializeOnLoadMethodAttributes (65ms)
[Licensing::Client] Successfully resolved entitlement details
Application.AssetDatabase Initial Refresh Start
[Package Manager] Restoring resolved packages state from cache
[Licensing::Client] Successfully resolved entitlement details
[Package Manager] Registered 38 packages:
  Built-in packages:
    com.unity.ugui@2.5.0 (location: /Users/fukushimatakumi/develop/promptworld/PromptWorld/Library/PackageCache/com.unity.ugui@377fd60ad87b)
    com.unity.multiplayer.center@1.0.1 (location: /Users/fukushimatakumi/develop/promptworld/PromptWorld/Library/PackageCache/com.unity.multiplayer.center@b860850997d0)
    com.unity.modules.accessibility@1.0.0 (location: /Users/fukushimatakumi/develop/promptworld/PromptWorld/Library/PackageCache/com.unity.modules.accessibility)
    com.unity.modules.adaptiveperformance@1.0.0 (location: /Users/fukushimatakumi/develop/promptworld/PromptWorld/Library/PackageCache/com.unity.modules.adaptiveperformance)
    com.unity.modules.ai@1.0.0 (location: /Users/fukushimatakumi/develop/promptworld/PromptWorld/Library/PackageCache/com.unity.modules.ai)
    com.unity.modules.androidjni@1.0.0 (location: /Users/fukushimatakumi/develop/promptworld/PromptWorld/Library/PackageCache/com.unity.modules.androidjni)
    com.unity.modules.animation@1.0.0 (location: /Users/fukushimatakumi/develop/promptworld/PromptWorld/Library/PackageCache/com.unity.modules.animation)
    com.unity.modules.assetbundle@1.0.0 (location: /Users/fukushimatakumi/develop/promptworld/PromptWorld/Library/PackageCache/com.unity.modules.assetbundle)
    com.unity.modules.audio@1.0.0 (location: /Users/fukushimatakumi/develop/promptworld/PromptWorld/Library/PackageCache/com.unity.modules.audio)
    com.unity.modules.cloth@1.0.0 (location: /Users/fukushimatakumi/develop/promptworld/PromptWorld/Library/PackageCache/com.unity.modules.cloth)
    com.unity.modules.director@1.0.0 (location: /Users/fukushimatakumi/develop/promptworld/PromptWorld/Library/PackageCache/com.unity.modules.director)
    com.unity.modules.imageconversion@1.0.0 (location: /Users/fukushimatakumi/develop/promptworld/PromptWorld/Library/PackageCache/com.unity.modules.imageconversion)
    com.unity.modules.imgui@1.0.0 (location: /Users/fukushimatakumi/develop/promptworld/PromptWorld/Library/PackageCache/com.unity.modules.imgui)
    com.unity.modules.jsonserialize@1.0.0 (location: /Users/fukushimatakumi/develop/promptworld/PromptWorld/Library/PackageCache/com.unity.modules.jsonserialize)
    com.unity.modules.particlesystem@1.0.0 (location: /Users/fukushimatakumi/develop/promptworld/PromptWorld/Library/PackageCache/com.unity.modules.particlesystem)
    com.unity.modules.physics@1.0.0 (location: /Users/fukushimatakumi/develop/promptworld/PromptWorld/Library/PackageCache/com.unity.modules.physics)
    com.unity.modules.physics2d@1.0.0 (location: /Users/fukushimatakumi/develop/promptworld/PromptWorld/Library/PackageCache/com.unity.modules.physics2d)
    com.unity.modules.physicscore2d@1.0.0 (location: /Users/fukushimatakumi/develop/promptworld/PromptWorld/Library/PackageCache/com.unity.modules.physicscore2d)
    com.unity.modules.screencapture@1.0.0 (location: /Users/fukushimatakumi/develop/promptworld/PromptWorld/Library/PackageCache/com.unity.modules.screencapture)
    com.unity.modules.terrain@1.0.0 (location: /Users/fukushimatakumi/develop/promptworld/PromptWorld/Library/PackageCache/com.unity.modules.terrain)
    com.unity.modules.terrainphysics@1.0.0 (location: /Users/fukushimatakumi/develop/promptworld/PromptWorld/Library/PackageCache/com.unity.modules.terrainphysics)
    com.unity.modules.tilemap@1.0.0 (location: /Users/fukushimatakumi/develop/promptworld/PromptWorld/Library/PackageCache/com.unity.modules.tilemap)
    com.unity.modules.ui@1.0.0 (location: /Users/fukushimatakumi/develop/promptworld/PromptWorld/Library/PackageCache/com.unity.modules.ui)
    com.unity.modules.uielements@1.0.0 (location: /Users/fukushimatakumi/develop/promptworld/PromptWorld/Library/PackageCache/com.unity.modules.uielements)
    com.unity.modules.umbra@1.0.0 (location: /Users/fukushimatakumi/develop/promptworld/PromptWorld/Library/PackageCache/com.unity.modules.umbra)
    com.unity.modules.unityanalytics@1.0.0 (location: /Users/fukushimatakumi/develop/promptworld/PromptWorld/Library/PackageCache/com.unity.modules.unityanalytics)
    com.unity.modules.unitywebrequest@1.0.0 (location: /Users/fukushimatakumi/develop/promptworld/PromptWorld/Library/PackageCache/com.unity.modules.unitywebrequest)
    com.unity.modules.unitywebrequestassetbundle@1.0.0 (location: /Users/fukushimatakumi/develop/promptworld/PromptWorld/Library/PackageCache/com.unity.modules.unitywebrequestassetbundle)
    com.unity.modules.unitywebrequestaudio@1.0.0 (location: /Users/fukushimatakumi/develop/promptworld/PromptWorld/Library/PackageCache/com.unity.modules.unitywebrequestaudio)
    com.unity.modules.unitywebrequesttexture@1.0.0 (location: /Users/fukushimatakumi/develop/promptworld/PromptWorld/Library/PackageCache/com.unity.modules.unitywebrequesttexture)
    com.unity.modules.unitywebrequestwww@1.0.0 (location: /Users/fukushimatakumi/develop/promptworld/PromptWorld/Library/PackageCache/com.unity.modules.unitywebrequestwww)
    com.unity.modules.vectorgraphics@1.0.0 (location: /Users/fukushimatakumi/develop/promptworld/PromptWorld/Library/PackageCache/com.unity.modules.vectorgraphics)
    com.unity.modules.vehicles@1.0.0 (location: /Users/fukushimatakumi/develop/promptworld/PromptWorld/Library/PackageCache/com.unity.modules.vehicles)
    com.unity.modules.video@1.0.0 (location: /Users/fukushimatakumi/develop/promptworld/PromptWorld/Library/PackageCache/com.unity.modules.video)
    com.unity.modules.wind@1.0.0 (location: /Users/fukushimatakumi/develop/promptworld/PromptWorld/Library/PackageCache/com.unity.modules.wind)
    com.unity.modules.xr@1.0.0 (location: /Users/fukushimatakumi/develop/promptworld/PromptWorld/Library/PackageCache/com.unity.modules.xr)
    com.unity.modules.subsystems@1.0.0 (location: /Users/fukushimatakumi/develop/promptworld/PromptWorld/Library/PackageCache/com.unity.modules.subsystems)
    com.unity.modules.hierarchycore@1.0.0 (location: /Users/fukushimatakumi/develop/promptworld/PromptWorld/Library/PackageCache/com.unity.modules.hierarchycore)
[Subsystems] No new subsystems found in resolved package list.
[Package Manager] Done registering packages in 0.01 seconds
[ScriptCompilation] Requested script compilation because: AssetDatabase observed changes in script compilation related files
info: Microsoft.Hosting.Lifetime[14]
      Now listening on: http://unix:/tmp/ilpp.sock-11a47a343675f8552d899f599971cacd
info: Microsoft.Hosting.Lifetime[0]
      Application started. Press Ctrl+C to shut down.
info: Microsoft.Hosting.Lifetime[0]
      Hosting environment: Production
info: Microsoft.Hosting.Lifetime[0]
      Content root path: /Users/fukushimatakumi/develop/promptworld/PromptWorld
info: Microsoft.AspNetCore.Hosting.Diagnostics[1]
      Request starting HTTP/2 POST http://ilpp/UnityILPP.PostProcessing/Ping - application/grpc -
info: Microsoft.AspNetCore.Routing.EndpointMiddleware[0]
      Executing endpoint 'gRPC - /UnityILPP.PostProcessing/Ping'
info: Microsoft.AspNetCore.Routing.EndpointMiddleware[1]
      Executed endpoint 'gRPC - /UnityILPP.PostProcessing/Ping'
info: Microsoft.AspNetCore.Hosting.Diagnostics[2]
      Request finished HTTP/2 POST http://ilpp/UnityILPP.PostProcessing/Ping - 200 - application/grpc 29.1540ms
Starting: /Applications/Unity/Hub/Editor/6000.5.3f1/Unity.app/Contents/Resources/BuildPipeline/bee_backend --ipc --defer-dag-verification --dagfile="Library/Bee/2000b0aE.dag" --continue-on-failure --profile="Library/Bee/backend1.traceevents" ScriptAssemblies
WorkingDir: /Users/fukushimatakumi/develop/promptworld/PromptWorld
DisplayProgressbar: Compiling Scripts
ExitCode: 0 Duration: 2s301ms
[207/249    0s] CopyFiles Library/ScriptAssemblies/UnityEngine.UI.dll
[210/249    0s] CopyFiles Library/ScriptAssemblies/UnityEditor.UI.pdb
[213/249    0s] CopyFiles Library/ScriptAssemblies/UnityEngine.UI.pdb
[215/249    0s] CopyFiles Library/ScriptAssemblies/UnityEditor.UI.dll
[216/249    0s] CopyFiles Library/ScriptAssemblies/Unity.InternalAPIEngineBridge.004.dll
[217/249    0s] CopyFiles Library/ScriptAssemblies/Unity.InternalAPIEngineBridge.004.pdb
[221/249    0s] CopyFiles Library/ScriptAssemblies/Unity.Multiplayer.Center.Common.dll
[222/249    0s] CopyFiles Library/ScriptAssemblies/Unity.Multiplayer.Center.Common.pdb
[225/249    0s] CopyFiles Library/ScriptAssemblies/Unity.TextMeshPro.dll
[226/249    0s] CopyFiles Library/ScriptAssemblies/Unity.TextMeshPro.pdb
[231/249    0s] CopyFiles Library/ScriptAssemblies/Unity.Multiplayer.Center.Editor.pdb
[236/249    0s] CopyFiles Library/ScriptAssemblies/Unity.Multiplayer.Center.Editor.dll
[239/249    0s] CopyFiles Library/ScriptAssemblies/UnityEditor.UI.Analytics.pdb
[240/249    0s] CopyFiles Library/ScriptAssemblies/UnityEditor.UI.Analytics.dll
[241/249    0s] CopyFiles Library/ScriptAssemblies/Unity.TextMeshPro.Editor.dll
[242/249    0s] CopyFiles Library/ScriptAssemblies/Unity.TextMeshPro.Editor.pdb
[243/249    2s] Csc Library/Bee/artifacts/2000b0aE.dag/Assembly-CSharp.dll (+2 others)
Assets/Scripts/UI.cs(110,9): warning CS0618: 'TMP_Text.enableWordWrapping' is obsolete: 'The enabledWordWrapping property is now obsolete. Please use the textWrappingMode property instead.'
Assets/Scripts/MenuController.cs(230,17): warning CS0618: 'TMP_Text.enableWordWrapping' is obsolete: 'The enabledWordWrapping property is now obsolete. Please use the textWrappingMode property instead.'
Assets/Scripts/MenuController.cs(493,9): warning CS0618: 'TMP_Text.enableWordWrapping' is obsolete: 'The enabledWordWrapping property is now obsolete. Please use the textWrappingMode property instead.'
Assets/Scripts/MenuController.cs(513,37): warning CS0618: 'TMP_Text.enableWordWrapping' is obsolete: 'The enabledWordWrapping property is now obsolete. Please use the textWrappingMode property instead.'
Assets/Scripts/Loc.cs(18,25): warning CS0414: The field 'Loc.warmed' is assigned but its value is never used
[244/249    0s] CopyFiles Library/ScriptAssemblies/Assembly-CSharp.pdb
[245/249    0s] CopyFiles Library/ScriptAssemblies/Assembly-CSharp.dll
[247/249    0s] CopyFiles Library/ScriptAssemblies/Assembly-CSharp-Editor.pdb
[248/249    0s] CopyFiles Library/ScriptAssemblies/Assembly-CSharp-Editor.dll
*** Tundra build success (2.28 seconds), 21 items updated, 249 evaluated
Assets/Scripts/UI.cs(110,9): warning CS0618: 'TMP_Text.enableWordWrapping' is obsolete: 'The enabledWordWrapping property is now obsolete. Please use the textWrappingMode property instead.'
Assets/Scripts/MenuController.cs(230,17): warning CS0618: 'TMP_Text.enableWordWrapping' is obsolete: 'The enabledWordWrapping property is now obsolete. Please use the textWrappingMode property instead.'
Assets/Scripts/MenuController.cs(493,9): warning CS0618: 'TMP_Text.enableWordWrapping' is obsolete: 'The enabledWordWrapping property is now obsolete. Please use the textWrappingMode property instead.'
Assets/Scripts/MenuController.cs(513,37): warning CS0618: 'TMP_Text.enableWordWrapping' is obsolete: 'The enabledWordWrapping property is now obsolete. Please use the textWrappingMode property instead.'
Assets/Scripts/Loc.cs(18,25): warning CS0414: The field 'Loc.warmed' is assigned but its value is never used
Total cache size 66522532
Total cache size after purge 66522532, took 00:00:00.0118447
AssetDatabase: script compilation time: 2.808843s
Begin MonoManager ReloadAssembly
Native extension for iOS target not found
Native extension for Android target not found
Native extension for OSXStandalone target not found
Native extension for WebGL target not found
ScheduleIndexationOnStartup MainProcess:True IndexOnStartup:True
Mono: successfully reloaded assembly
- Finished resetting the current domain, in  0.177 seconds
Domain Reload Profiling: 353ms
	BeginReloadAssembly (90ms)
		DisableScriptedObjects (8ms)
		CreateAndSetChildDomain (30ms)
	RebuildCommonClasses (4ms)
	RebuildNativeTypeToScriptingClass (8ms)
	initialDomainReloadingComplete (14ms)
	LoadAllAssembliesAndSetupDomain (60ms)
		LoadAssemblies (37ms)
		AnalyzeDomain (16ms)
			TypeCache.Refresh (12ms)
				TypeCache.ScanAssembly (8ms)
			BuildScriptInfoCaches (3ms)
	FinalizeReload (178ms)
		SetupLoadedEditorAssemblies (0ms)
			InitializePlatformSupportModulesInManaged (7ms)
			BeforeProcessingInitializeOnLoad (36ms)
			ProcessInitializeOnLoadAttributes (29ms)
			ProcessInitializeOnLoadMethodAttributes (33ms)
		AwakeInstancesAfterBackupRestoration (8ms)
Starting new worker id: 0 with log in /Users/fukushimatakumi/develop/promptworld/PromptWorld/Logs/AssetImportWorkerHW0.log

Asset Pipeline Refresh (id=c89e0609d207d474382c12920f2c150f): Total: 3.300 seconds - Initiated by InitialRefreshV2(ForceSynchronousImport)
	(Values over 0.05ms)
	Summary:
		Imports: total=0 (actual=0, local cache=0, cache server=0)
		Asset DB Process Time: managed=0 ms, native=262 ms
		Asset DB Callback time: managed=31 ms, native=10 ms
		Scripting: domain reloads=1, domain reload time=183 ms, compile time=2810 ms, other=2 ms
		Project Asset Count: scripts=218, non-scripts=169
		Asset File Changes: new=0, changed=1, moved=0, deleted=0
		Scan Filter Count: 1
	InvokePackagesCallback: 8.937ms
	ApplyChangesToAssetFolders: 0.136ms
	Scan: 50.838ms
	Collect global state as custom dependencies: 2.683ms
	OnSourceAssetsModified: 0.301ms
	CategorizeScriptCompilationAssets: 0.749ms
	ProcessAssetsWithTransientArtifactChanges: 4.139ms
	CategorizeAssets: 1.690ms
	CompileScripts: 2809.549ms
	ImportOutOfDateAssets: 181.268ms (179.213ms without children)
		UnloadImportedAssets: 0.111ms
		ImportSchedulerStart: 1.903ms
	PostProcessAllAssets: 31.884ms
		VCAutoAddAssetPostprocess 0.425ms
		MonoPostProcessAllAssets: 31.284ms
			AssetPostprocessor.OnPostprocessAllAssets 12.380ms
			StyleCatalogPostProcessor.OnPostprocessAllAssets 6.235ms
			BuilderAssetPostprocessor.OnPostprocessAllAssets 2.887ms
			WindowAssetPostprocessingWatcher.OnPostprocessAllAssets 2.773ms
			AssetChangedListener.OnPostprocessAllAssets 0.773ms
			RetainedModeAssetPostprocessor.OnPostprocessAllAssets 0.518ms
			EditModeScopePostprocessor.OnPostprocessAllAssets 0.484ms
			SyncVS.PostprocessSyncProject 0.441ms
			SpeedTree9Postprocessor.OnPostprocessAllAssets 0.314ms
			ArtifactBrowserPostProcessor.OnPostprocessAllAssets 0.222ms
			TextAssetPostProcessor.OnPostprocessAllAssets 0.220ms
			TMPro_TexturePostProcessor.OnPostprocessAllAssets 0.130ms
			AssetEvents.OnPostprocessAllAssets 0.111ms
			AudioMixerPostprocessor.OnPostprocessAllAssets 0.109ms
			ReferencedClipsPostProcessor.OnPostprocessAllAssets 0.103ms
			TerrainToolbarOverlayPostProcessor.OnPostprocessAllAssets 0.088ms
			SpeedTreePostProcessor.OnPostprocessAllAssets 0.060ms
	PostAssetChangesProfiler: 1.957ms
	UnloadStreamsBegin: 0.715ms
	GenerateScriptTypeHashes: 0.121ms
	GenerateScriptTypeSerializationHashes: 0.272ms
	Untracked: 203.854ms

Application.AssetDatabase Initial Refresh End
Scanning for USB devices : 0.028ms
Initializing Unity extensions:
[MODES] ModeService[none].Initialize
[MODES] ModeService[none].LoadModes
[MODES] Loading mode Default (0) for mode-current-id-Prompt World
Unloading 17 Unused Serialized files (Serialized files now loaded: 0)
Unloading 495 unused Assets / (1.3 MB). Loaded Objects now: 1131.
Memory consumption went from 127.1 MB to 125.7 MB.
Total: 3.667833 ms (FindLiveObjects: 0.046084 ms CreateObjectMapping: 0.045500 ms MarkObjects: 3.212291 ms  DeleteObjects: 0.363708 ms)

[PromptWorld] SimCrossCheck written: /Users/fukushimatakumi/develop/promptworld/PromptWorld/simcheck_cs.txt
UnityEngine.Debug:ExtractStackTraceNoAlloc (byte*,int,string)
UnityEngine.StackTraceUtility:ExtractStackTrace () (at /Users/bokken/build/output/unity/unity/Runtime/Export/Scripting/StackTrace.cs:35)
UnityEngine.DebugLogHandler:Internal_Log (UnityEngine.LogType,UnityEngine.LogOption,string,UnityEngine.Object)
UnityEngine.DebugLogHandler:LogFormat (UnityEngine.LogType,UnityEngine.Object,string,object[])
UnityEngine.Logger:Log (UnityEngine.LogType,object)
UnityEngine.Debug:Log (object)
SimCrossCheck:Run () (at Assets/Editor/SimCrossCheck.cs:51)

(Filename: Assets/Editor/SimCrossCheck.cs Line: 51)

Thread 0x17351f000 may have been prematurely finalized
Batchmode quit successfully invoked - shutting down!
Curl error 42: Callback aborted
Killing ADB server in 0.032866 seconds.
Thread 0x173637000 may have been prematurely finalized
Input System module state changed to: ShutdownInProgress.
Input Polling Thread exited.
Input System module state changed to: Shutdown.
Curl error 42: Callback aborted
[Physics::Module] Cleanup current backend.
[Physics::Module] Id: 0xf2b8ea05
[Licensing::IpcConnector] LicenseClient-fukushimatakumi-6000.5.3-notifications channel disconnected successfully.
[Licensing::IpcConnector] LicenseClient-fukushimatakumi-6000.5.3 channel disconnected successfully.
Thread 0x16fe5b000 may have been prematurely finalized
AcceleratorClientConnectionCallback - disconnected - :0
Thread 0x17196b000 may have been prematurely finalized
Cleanup mono
CodeReloadManager destroyed
info: Microsoft.Hosting.Lifetime[0]
      Application is shutting down...
debugger-agent: Unable to listen on 43
[usbmuxd] Stop listen thread
[usbmuxd] Error: 
[usbmuxd] Listen thread exiting
Exiting batchmode successfully now!
[Package Manager] Server process was shutdown
MSBuild サーバー をシャットダウンしています...
VB/C# コンパイラ サーバー をシャットダウンしています...
MSBuild サーバー は正常にシャットダウンしました。
VB/C# コンパイラ サーバー は正常にシャットダウンしました。
